# HELP go_gc_cycles_automatic_gc_cycles_total Count of completed GC cycles generated by the Go runtime.
# TYPE go_gc_cycles_automatic_gc_cycles_total counter
go_gc_cycles_automatic_gc_cycles_total 68
# HELP go_gc_cycles_forced_gc_cycles_total Count of completed GC cycles forced by the application.
# TYPE go_gc_cycles_forced_gc_cycles_total counter
go_gc_cycles_forced_gc_cycles_total 0
# HELP go_gc_cycles_total_gc_cycles_total Count of all completed GC cycles.
# TYPE go_gc_cycles_total_gc_cycles_total counter
go_gc_cycles_total_gc_cycles_total 68
# HELP go_gc_duration_seconds A summary of the pause duration of garbage collection cycles.
# TYPE go_gc_duration_seconds summary
go_gc_duration_seconds{quantile="0"} 7.4677e-05
go_gc_duration_seconds{quantile="0.25"} 0.000114287
go_gc_duration_seconds{quantile="0.5"} 0.000122528
go_gc_duration_seconds{quantile="0.75"} 0.000134118
go_gc_duration_seconds{quantile="1"} 0.000285772
go_gc_duration_seconds_sum 0.008899293
go_gc_duration_seconds_count 68
# HELP go_gc_heap_allocs_by_size_bytes_total Distribution of heap allocations by approximate size. Note that this does not include tiny objects as defined by /gc/heap/tiny/allocs:objects, only tiny blocks.
# TYPE go_gc_heap_allocs_by_size_bytes_total histogram
go_gc_heap_allocs_by_size_bytes_total_bucket{le="8.999999999999998"} 4882
go_gc_heap_allocs_by_size_bytes_total_bucket{le="24.999999999999996"} 17816
go_gc_heap_allocs_by_size_bytes_total_bucket{le="64.99999999999999"} 23210
go_gc_heap_allocs_by_size_bytes_total_bucket{le="144.99999999999997"} 29116
go_gc_heap_allocs_by_size_bytes_total_bucket{le="320.99999999999994"} 31583
go_gc_heap_allocs_by_size_bytes_total_bucket{le="704.9999999999999"} 33640
go_gc_heap_allocs_by_size_bytes_total_bucket{le="1536.9999999999998"} 37320
go_gc_heap_allocs_by_size_bytes_total_bucket{le="3200.9999999999995"} 40891
go_gc_heap_allocs_by_size_bytes_total_bucket{le="6528.999999999999"} 42793
go_gc_heap_allocs_by_size_bytes_total_bucket{le="13568.999999999998"} 42816
go_gc_heap_allocs_by_size_bytes_total_bucket{le="27264.999999999996"} 42846
go_gc_heap_allocs_by_size_bytes_total_bucket{le="+Inf"} 42852
go_gc_heap_allocs_by_size_bytes_total_sum 2.4857512e+07
go_gc_heap_allocs_by_size_bytes_total_count 42852
# HELP go_gc_heap_allocs_bytes_total Cumulative sum of memory allocated to the heap by the application.
# TYPE go_gc_heap_allocs_bytes_total counter
go_gc_heap_allocs_bytes_total 2.4857512e+07
# HELP go_gc_heap_allocs_objects_total Cumulative count of heap allocations triggered by the application. Note that this does not include tiny objects as defined by /gc/heap/tiny/allocs:objects, only tiny blocks.
# TYPE go_gc_heap_allocs_objects_total counter
go_gc_heap_allocs_objects_total 42852
# HELP go_gc_heap_frees_by_size_bytes_total Distribution of freed heap allocations by approximate size. Note that this does not include tiny objects as defined by /gc/heap/tiny/allocs:objects, only tiny blocks.
# TYPE go_gc_heap_frees_by_size_bytes_total histogram
go_gc_heap_frees_by_size_bytes_total_bucket{le="8.999999999999998"} 2834
go_gc_heap_frees_by_size_bytes_total_bucket{le="24.999999999999996"} 12250
go_gc_heap_frees_by_size_bytes_total_bucket{le="64.99999999999999"} 15916
go_gc_heap_frees_by_size_bytes_total_bucket{le="144.99999999999997"} 20669
go_gc_heap_frees_by_size_bytes_total_bucket{le="320.99999999999994"} 22782
go_gc_heap_frees_by_size_bytes_total_bucket{le="704.9999999999999"} 24676
go_gc_heap_frees_by_size_bytes_total_bucket{le="1536.9999999999998"} 28295
go_gc_heap_frees_by_size_bytes_total_bucket{le="3200.9999999999995"} 31815
go_gc_heap_frees_by_size_bytes_total_bucket{le="6528.999999999999"} 33688
go_gc_heap_frees_by_size_bytes_total_bucket{le="13568.999999999998"} 33705
go_gc_heap_frees_by_size_bytes_total_bucket{le="27264.999999999996"} 33733
go_gc_heap_frees_by_size_bytes_total_bucket{le="+Inf"} 33739
go_gc_heap_frees_by_size_bytes_total_sum 2.3996616e+07
go_gc_heap_frees_by_size_bytes_total_count 33739
# HELP go_gc_heap_frees_bytes_total Cumulative sum of heap memory freed by the garbage collector.
# TYPE go_gc_heap_frees_bytes_total counter
go_gc_heap_frees_bytes_total 2.3996616e+07
# HELP go_gc_heap_frees_objects_total Cumulative count of heap allocations whose storage was freed by the garbage collector. Note that this does not include tiny objects as defined by /gc/heap/tiny/allocs:objects, only tiny blocks.
# TYPE go_gc_heap_frees_objects_total counter
go_gc_heap_frees_objects_total 33739
# HELP go_gc_heap_goal_bytes Heap size target for the end of the GC cycle.
# TYPE go_gc_heap_goal_bytes gauge
go_gc_heap_goal_bytes 4.194304e+06
# HELP go_gc_heap_objects_objects Number of objects, live or unswept, occupying heap memory.
# TYPE go_gc_heap_objects_objects gauge
go_gc_heap_objects_objects 9113
# HELP go_gc_heap_tiny_allocs_objects_total Count of small allocations that are packed together into blocks. These allocations are counted separately from other allocations because each individual allocation is not tracked by the runtime, only their block. Each block is already accounted for in allocs-by-size and frees-by-size.
# TYPE go_gc_heap_tiny_allocs_objects_total counter
go_gc_heap_tiny_allocs_objects_total 3209
# HELP go_gc_pauses_seconds_total Distribution individual GC-related stop-the-world pause latencies.
# TYPE go_gc_pauses_seconds_total histogram
go_gc_pauses_seconds_total_bucket{le="-5e-324"} 0
go_gc_pauses_seconds_total_bucket{le="9.999999999999999e-10"} 0
go_gc_pauses_seconds_total_bucket{le="9.999999999999999e-09"} 0
go_gc_pauses_seconds_total_bucket{le="9.999999999999998e-08"} 0
go_gc_pauses_seconds_total_bucket{le="1.0239999999999999e-06"} 0
go_gc_pauses_seconds_total_bucket{le="1.0239999999999999e-05"} 63
go_gc_pauses_seconds_total_bucket{le="0.00010239999999999998"} 71
go_gc_pauses_seconds_total_bucket{le="0.0010485759999999998"} 136
go_gc_pauses_seconds_total_bucket{le="0.010485759999999998"} 136
go_gc_pauses_seconds_total_bucket{le="0.10485759999999998"} 136
go_gc_pauses_seconds_total_bucket{le="+Inf"} 136
go_gc_pauses_seconds_total_sum NaN
go_gc_pauses_seconds_total_count 136
# HELP go_goroutines Number of goroutines that currently exist.
# TYPE go_goroutines gauge
go_goroutines 8
# HELP go_info Information about the Go environment.
# TYPE go_info gauge
go_info{version="go1.18"} 1
# HELP go_memory_classes_heap_free_bytes Memory that is completely free and eligible to be returned to the underlying system, but has not been. This metric is the runtime's estimate of free address space that is backed by physical memory.
# TYPE go_memory_classes_heap_free_bytes gauge
go_memory_classes_heap_free_bytes 458752
# HELP go_memory_classes_heap_objects_bytes Memory occupied by live objects and dead objects that have not yet been marked free by the garbage collector.
# TYPE go_memory_classes_heap_objects_bytes gauge
go_memory_classes_heap_objects_bytes 860896
# HELP go_memory_classes_heap_released_bytes Memory that is completely free and has been returned to the underlying system. This metric is the runtime's estimate of free address space that is still mapped into the process, but is not backed by physical memory.
# TYPE go_memory_classes_heap_released_bytes gauge
go_memory_classes_heap_released_bytes 6.094848e+06
# HELP go_memory_classes_heap_stacks_bytes Memory allocated from the heap that is reserved for stack space, whether or not it is currently in-use.
# TYPE go_memory_classes_heap_stacks_bytes gauge
go_memory_classes_heap_stacks_bytes 360448
# HELP go_memory_classes_heap_unused_bytes Memory that is reserved for heap objects but is not currently used to hold heap objects.
# TYPE go_memory_classes_heap_unused_bytes gauge
go_memory_classes_heap_unused_bytes 613664
# HELP go_memory_classes_metadata_mcache_free_bytes Memory that is reserved for runtime mcache structures, but not in-use.
# TYPE go_memory_classes_metadata_mcache_free_bytes gauge
go_memory_classes_metadata_mcache_free_bytes 13200
# HELP go_memory_classes_metadata_mcache_inuse_bytes Memory that is occupied by runtime mcache structures that are currently being used.
# TYPE go_memory_classes_metadata_mcache_inuse_bytes gauge
go_memory_classes_metadata_mcache_inuse_bytes 2400
# HELP go_memory_classes_metadata_mspan_free_bytes Memory that is reserved for runtime mspan structures, but not in-use.
# TYPE go_memory_classes_metadata_mspan_free_bytes gauge
go_memory_classes_metadata_mspan_free_bytes 21624
# HELP go_memory_classes_metadata_mspan_inuse_bytes Memory that is occupied by runtime mspan structures that are currently being used.
# TYPE go_memory_classes_metadata_mspan_inuse_bytes gauge
go_memory_classes_metadata_mspan_inuse_bytes 43656
# HELP go_memory_classes_metadata_other_bytes Memory that is reserved for or used to hold runtime metadata.
# TYPE go_memory_classes_metadata_other_bytes gauge
go_memory_classes_metadata_other_bytes 4.5762e+06
# HELP go_memory_classes_os_stacks_bytes Stack memory allocated by the underlying operating system.
# TYPE go_memory_classes_os_stacks_bytes gauge
go_memory_classes_os_stacks_bytes 0
# HELP go_memory_classes_other_bytes Memory used by execution trace buffers, structures for debugging the runtime, finalizer and profiler specials, and more.
# TYPE go_memory_classes_other_bytes gauge
go_memory_classes_other_bytes 535225
# HELP go_memory_classes_profiling_buckets_bytes Memory that is used by the stack trace hash map used for profiling.
# TYPE go_memory_classes_profiling_buckets_bytes gauge
go_memory_classes_profiling_buckets_bytes 4255
# HELP go_memory_classes_total_bytes All memory mapped by the Go runtime into the current process as read-write. Note that this does not include memory mapped by code called via cgo or via the syscall package. Sum of all metrics in /memory/classes.
# TYPE go_memory_classes_total_bytes gauge
go_memory_classes_total_bytes 1.3585168e+07
# HELP go_memstats_alloc_bytes Number of bytes allocated and still in use.
# TYPE go_memstats_alloc_bytes gauge
go_memstats_alloc_bytes 860896
# HELP go_memstats_alloc_bytes_total Total number of bytes allocated, even if freed.
# TYPE go_memstats_alloc_bytes_total counter
go_memstats_alloc_bytes_total 2.4857512e+07
# HELP go_memstats_buck_hash_sys_bytes Number of bytes used by the profiling bucket hash table.
# TYPE go_memstats_buck_hash_sys_bytes gauge
go_memstats_buck_hash_sys_bytes 4255
# HELP go_memstats_frees_total Total number of frees.
# TYPE go_memstats_frees_total counter
go_memstats_frees_total 36948
# HELP go_memstats_gc_cpu_fraction The fraction of this program's available CPU time used by the GC since the program started.
# TYPE go_memstats_gc_cpu_fraction gauge
go_memstats_gc_cpu_fraction 0
# HELP go_memstats_gc_sys_bytes Number of bytes used for garbage collection system metadata.
# TYPE go_memstats_gc_sys_bytes gauge
go_memstats_gc_sys_bytes 4.5762e+06
# HELP go_memstats_heap_alloc_bytes Number of heap bytes allocated and still in use.
# TYPE go_memstats_heap_alloc_bytes gauge
go_memstats_heap_alloc_bytes 860896
# HELP go_memstats_heap_idle_bytes Number of heap bytes waiting to be used.
# TYPE go_memstats_heap_idle_bytes gauge
go_memstats_heap_idle_bytes 6.5536e+06
# HELP go_memstats_heap_inuse_bytes Number of heap bytes that are in use.
# TYPE go_memstats_heap_inuse_bytes gauge
go_memstats_heap_inuse_bytes 1.47456e+06
# HELP go_memstats_heap_objects Number of allocated objects.
# TYPE go_memstats_heap_objects gauge
go_memstats_heap_objects 9113
# HELP go_memstats_heap_released_bytes Number of heap bytes released to OS.
# TYPE go_memstats_heap_released_bytes gauge
go_memstats_heap_released_bytes 6.094848e+06
# HELP go_memstats_heap_sys_bytes Number of heap bytes obtained from system.
# TYPE go_memstats_heap_sys_bytes gauge
go_memstats_heap_sys_bytes 8.02816e+06
# HELP go_memstats_last_gc_time_seconds Number of seconds since 1970 of last garbage collection.
# TYPE go_memstats_last_gc_time_seconds gauge
go_memstats_last_gc_time_seconds 1.6478704211721683e+09
# HELP go_memstats_lookups_total Total number of pointer lookups.
# TYPE go_memstats_lookups_total counter
go_memstats_lookups_total 0
# HELP go_memstats_mallocs_total Total number of mallocs.
# TYPE go_memstats_mallocs_total counter
go_memstats_mallocs_total 46061
# HELP go_memstats_mcache_inuse_bytes Number of bytes in use by mcache structures.
# TYPE go_memstats_mcache_inuse_bytes gauge
go_memstats_mcache_inuse_bytes 2400
# HELP go_memstats_mcache_sys_bytes Number of bytes used for mcache structures obtained from system.
# TYPE go_memstats_mcache_sys_bytes gauge
go_memstats_mcache_sys_bytes 15600
# HELP go_memstats_mspan_inuse_bytes Number of bytes in use by mspan structures.
# TYPE go_memstats_mspan_inuse_bytes gauge
go_memstats_mspan_inuse_bytes 43656
# HELP go_memstats_mspan_sys_bytes Number of bytes used for mspan structures obtained from system.
# TYPE go_memstats_mspan_sys_bytes gauge
go_memstats_mspan_sys_bytes 65280
# HELP go_memstats_next_gc_bytes Number of heap bytes when next garbage collection will take place.
# TYPE go_memstats_next_gc_bytes gauge
go_memstats_next_gc_bytes 4.194304e+06
# HELP go_memstats_other_sys_bytes Number of bytes used for other system allocations.
# TYPE go_memstats_other_sys_bytes gauge
go_memstats_other_sys_bytes 535225
# HELP go_memstats_stack_inuse_bytes Number of bytes in use by the stack allocator.
# TYPE go_memstats_stack_inuse_bytes gauge
go_memstats_stack_inuse_bytes 360448
# HELP go_memstats_stack_sys_bytes Number of bytes obtained from system for stack allocator.
# TYPE go_memstats_stack_sys_bytes gauge
go_memstats_stack_sys_bytes 360448
# HELP go_memstats_sys_bytes Number of bytes obtained from system.
# TYPE go_memstats_sys_bytes gauge
go_memstats_sys_bytes 1.3585168e+07
# HELP go_sched_goroutines_goroutines Count of live goroutines.
# TYPE go_sched_goroutines_goroutines gauge
go_sched_goroutines_goroutines 8
# HELP go_sched_latencies_seconds Distribution of the time goroutines have spent in the scheduler in a runnable state before actually running.
# TYPE go_sched_latencies_seconds histogram
go_sched_latencies_seconds_bucket{le="-5e-324"} 0
go_sched_latencies_seconds_bucket{le="9.999999999999999e-10"} 2783
go_sched_latencies_seconds_bucket{le="9.999999999999999e-09"} 2783
go_sched_latencies_seconds_bucket{le="9.999999999999998e-08"} 2831
go_sched_latencies_seconds_bucket{le="1.0239999999999999e-06"} 3887
go_sched_latencies_seconds_bucket{le="1.0239999999999999e-05"} 4029
go_sched_latencies_seconds_bucket{le="0.00010239999999999998"} 4156
go_sched_latencies_seconds_bucket{le="0.0010485759999999998"} 4178
go_sched_latencies_seconds_bucket{le="0.010485759999999998"} 4180
go_sched_latencies_seconds_bucket{le="0.10485759999999998"} 4180
go_sched_latencies_seconds_bucket{le="+Inf"} 4180
go_sched_latencies_seconds_sum NaN
go_sched_latencies_seconds_count 4180
# HELP go_threads Number of OS threads created.
# TYPE go_threads gauge
go_threads 7
# HELP irqoff_oom_kill oom kill events
# TYPE irqoff_oom_kill gauge
irqoff_oom_kill 14
# HELP process_cpu_seconds_total Total user and system CPU time spent in seconds.
# TYPE process_cpu_seconds_total counter
process_cpu_seconds_total 0.78
# HELP process_max_fds Maximum number of open file descriptors.
# TYPE process_max_fds gauge
process_max_fds 1024
# HELP process_open_fds Number of open file descriptors.
# TYPE process_open_fds gauge
process_open_fds 9
# HELP process_resident_memory_bytes Resident memory size in bytes.
# TYPE process_resident_memory_bytes gauge
process_resident_memory_bytes 7.86432e+06
# HELP process_start_time_seconds Start time of the process since unix epoch in seconds.
# TYPE process_start_time_seconds gauge
process_start_time_seconds 1.64786164097e+09
# HELP process_virtual_memory_bytes Virtual memory size in bytes.
# TYPE process_virtual_memory_bytes gauge
process_virtual_memory_bytes 1.10782464e+09
# HELP process_virtual_memory_max_bytes Maximum amount of virtual memory available in bytes.
# TYPE process_virtual_memory_max_bytes gauge
process_virtual_memory_max_bytes 1.8446744073709552e+19
# HELP promhttp_metric_handler_requests_in_flight Current number of scrapes being served.
# TYPE promhttp_metric_handler_requests_in_flight gauge
promhttp_metric_handler_requests_in_flight 1
# HELP promhttp_metric_handler_requests_total Total number of scrapes by HTTP status code.
# TYPE promhttp_metric_handler_requests_total counter
promhttp_metric_handler_requests_total{code="200"} 14
promhttp_metric_handler_requests_total{code="500"} 0
promhttp_metric_handler_requests_total{code="503"} 0
